<?xml version="1.0" encoding="UTF-8"?>
<testsuite xmlns:xsi="http://www.w3.org/2001/XMLSchema-instance" xsi:noNamespaceSchemaLocation="https://maven.apache.org/surefire/maven-surefire-plugin/xsd/surefire-test-report.xsd" name="com.examplewatson.ushieru.AppTest" time="0.106" tests="1" errors="0" skipped="0" failures="0">
  <properties>
    <property name="sun.desktop" value="windows"/>
    <property name="awt.toolkit" value="sun.awt.windows.WToolkit"/>
    <property name="java.specification.version" value="11"/>
    <property name="sun.cpu.isalist" value="amd64"/>
    <property name="sun.jnu.encoding" value="Cp1252"/>
    <property name="java.class.path" value="C:\Users\uziel\Documents\java\demo\target\test-classes;C:\Users\uziel\Documents\java\demo\target\classes;C:\Users\uziel\.m2\repository\junit\junit\4.11\junit-4.11.jar;C:\Users\uziel\.m2\repository\org\hamcrest\hamcrest-core\1.3\hamcrest-core-1.3.jar;C:\Users\uziel\.m2\repository\com\ibm\watson\natural-language-understanding\9.3.1\natural-language-understanding-9.3.1.jar;C:\Users\uziel\.m2\repository\com\ibm\cloud\sdk-core\9.15.0\sdk-core-9.15.0.jar;C:\Users\uziel\.m2\repository\com\squareup\okhttp3\okhttp\4.9.1\okhttp-4.9.1.jar;C:\Users\uziel\.m2\repository\com\squareup\okio\okio\2.8.0\okio-2.8.0.jar;C:\Users\uziel\.m2\repository\org\jetbrains\kotlin\kotlin-stdlib-common\1.4.0\kotlin-stdlib-common-1.4.0.jar;C:\Users\uziel\.m2\repository\org\jetbrains\kotlin\kotlin-stdlib\1.4.10\kotlin-stdlib-1.4.10.jar;C:\Users\uziel\.m2\repository\org\jetbrains\annotations\13.0\annotations-13.0.jar;C:\Users\uziel\.m2\repository\com\squareup\okhttp3\logging-interceptor\4.9.1\logging-interceptor-4.9.1.jar;C:\Users\uziel\.m2\repository\org\jetbrains\kotlin\kotlin-stdlib-jdk8\1.4.10\kotlin-stdlib-jdk8-1.4.10.jar;C:\Users\uziel\.m2\repository\org\jetbrains\kotlin\kotlin-stdlib-jdk7\1.4.10\kotlin-stdlib-jdk7-1.4.10.jar;C:\Users\uziel\.m2\repository\com\squareup\okhttp3\okhttp-urlconnection\4.9.1\okhttp-urlconnection-4.9.1.jar;C:\Users\uziel\.m2\repository\commons-codec\commons-codec\1.15\commons-codec-1.15.jar;C:\Users\uziel\.m2\repository\commons-io\commons-io\2.7\commons-io-2.7.jar;C:\Users\uziel\.m2\repository\org\apache\commons\commons-lang3\3.8.1\commons-lang3-3.8.1.jar;C:\Users\uziel\.m2\repository\com\google\guava\guava\30.1.1-jre\guava-30.1.1-jre.jar;C:\Users\uziel\.m2\repository\com\google\guava\failureaccess\1.0.1\failureaccess-1.0.1.jar;C:\Users\uziel\.m2\repository\com\google\guava\listenablefuture\9999.0-empty-to-avoid-conflict-with-guava\listenablefuture-9999.0-empty-to-avoid-conflict-with-guava.jar;C:\Users\uziel\.m2\repository\com\google\code\findbugs\jsr305\3.0.2\jsr305-3.0.2.jar;C:\Users\uziel\.m2\repository\org\checkerframework\checker-qual\3.8.0\checker-qual-3.8.0.jar;C:\Users\uziel\.m2\repository\com\google\errorprone\error_prone_annotations\2.5.1\error_prone_annotations-2.5.1.jar;C:\Users\uziel\.m2\repository\com\google\j2objc\j2objc-annotations\1.3\j2objc-annotations-1.3.jar;C:\Users\uziel\.m2\repository\com\google\code\gson\gson\2.8.9\gson-2.8.9.jar;C:\Users\uziel\.m2\repository\io\reactivex\rxjava2\rxjava\2.2.7\rxjava-2.2.7.jar;C:\Users\uziel\.m2\repository\org\reactivestreams\reactive-streams\1.0.2\reactive-streams-1.0.2.jar;C:\Users\uziel\.m2\repository\com\ibm\watson\common\9.3.1\common-9.3.1.jar;"/>
    <property name="java.vm.vendor" value="Oracle Corporation"/>
    <property name="sun.arch.data.model" value="64"/>
    <property name="user.variant" value=""/>
    <property name="java.vendor.url" value="https://openjdk.java.net/"/>
    <property name="user.timezone" value="America/Mexico_City"/>
    <property name="java.vm.specification.version" value="11"/>
    <property name="os.name" value="Windows 10"/>
    <property name="sun.java.launcher" value="SUN_STANDARD"/>
    <property name="user.country" value="MX"/>
    <property name="sun.boot.library.path" value="C:\Program Files\Java\jdk-11.0.12\bin"/>
    <property name="sun.java.command" value="C:\Users\uziel\AppData\Local\Temp\surefire9324165406184984520\surefirebooter6269897973142660324.jar C:\Users\uziel\AppData\Local\Temp\surefire9324165406184984520 2022-02-02T09-13-52_870-jvmRun1 surefire2750995136204045787tmp surefire_016872687863829250459tmp"/>
    <property name="jdk.debug" value="release"/>
    <property name="surefire.test.class.path" value="C:\Users\uziel\Documents\java\demo\target\test-classes;C:\Users\uziel\Documents\java\demo\target\classes;C:\Users\uziel\.m2\repository\junit\junit\4.11\junit-4.11.jar;C:\Users\uziel\.m2\repository\org\hamcrest\hamcrest-core\1.3\hamcrest-core-1.3.jar;C:\Users\uziel\.m2\repository\com\ibm\watson\natural-language-understanding\9.3.1\natural-language-understanding-9.3.1.jar;C:\Users\uziel\.m2\repository\com\ibm\cloud\sdk-core\9.15.0\sdk-core-9.15.0.jar;C:\Users\uziel\.m2\repository\com\squareup\okhttp3\okhttp\4.9.1\okhttp-4.9.1.jar;C:\Users\uziel\.m2\repository\com\squareup\okio\okio\2.8.0\okio-2.8.0.jar;C:\Users\uziel\.m2\repository\org\jetbrains\kotlin\kotlin-stdlib-common\1.4.0\kotlin-stdlib-common-1.4.0.jar;C:\Users\uziel\.m2\repository\org\jetbrains\kotlin\kotlin-stdlib\1.4.10\kotlin-stdlib-1.4.10.jar;C:\Users\uziel\.m2\repository\org\jetbrains\annotations\13.0\annotations-13.0.jar;C:\Users\uziel\.m2\repository\com\squareup\okhttp3\logging-interceptor\4.9.1\logging-interceptor-4.9.1.jar;C:\Users\uziel\.m2\repository\org\jetbrains\kotlin\kotlin-stdlib-jdk8\1.4.10\kotlin-stdlib-jdk8-1.4.10.jar;C:\Users\uziel\.m2\repository\org\jetbrains\kotlin\kotlin-stdlib-jdk7\1.4.10\kotlin-stdlib-jdk7-1.4.10.jar;C:\Users\uziel\.m2\repository\com\squareup\okhttp3\okhttp-urlconnection\4.9.1\okhttp-urlconnection-4.9.1.jar;C:\Users\uziel\.m2\repository\commons-codec\commons-codec\1.15\commons-codec-1.15.jar;C:\Users\uziel\.m2\repository\commons-io\commons-io\2.7\commons-io-2.7.jar;C:\Users\uziel\.m2\repository\org\apache\commons\commons-lang3\3.8.1\commons-lang3-3.8.1.jar;C:\Users\uziel\.m2\repository\com\google\guava\guava\30.1.1-jre\guava-30.1.1-jre.jar;C:\Users\uziel\.m2\repository\com\google\guava\failureaccess\1.0.1\failureaccess-1.0.1.jar;C:\Users\uziel\.m2\repository\com\google\guava\listenablefuture\9999.0-empty-to-avoid-conflict-with-guava\listenablefuture-9999.0-empty-to-avoid-conflict-with-guava.jar;C:\Users\uziel\.m2\repository\com\google\code\findbugs\jsr305\3.0.2\jsr305-3.0.2.jar;C:\Users\uziel\.m2\repository\org\checkerframework\checker-qual\3.8.0\checker-qual-3.8.0.jar;C:\Users\uziel\.m2\repository\com\google\errorprone\error_prone_annotations\2.5.1\error_prone_annotations-2.5.1.jar;C:\Users\uziel\.m2\repository\com\google\j2objc\j2objc-annotations\1.3\j2objc-annotations-1.3.jar;C:\Users\uziel\.m2\repository\com\google\code\gson\gson\2.8.9\gson-2.8.9.jar;C:\Users\uziel\.m2\repository\io\reactivex\rxjava2\rxjava\2.2.7\rxjava-2.2.7.jar;C:\Users\uziel\.m2\repository\org\reactivestreams\reactive-streams\1.0.2\reactive-streams-1.0.2.jar;C:\Users\uziel\.m2\repository\com\ibm\watson\common\9.3.1\common-9.3.1.jar;"/>
    <property name="sun.cpu.endian" value="little"/>
    <property name="user.home" value="C:\Users\uziel"/>
    <property name="user.language" value="es"/>
    <property name="java.specification.vendor" value="Oracle Corporation"/>
    <property name="java.version.date" value="2021-07-20"/>
    <property name="java.home" value="C:\Program Files\Java\jdk-11.0.12"/>
    <property name="file.separator" value="\"/>
    <property name="basedir" value="C:\Users\uziel\Documents\java\demo"/>
    <property name="java.vm.compressedOopsMode" value="Zero based"/>
    <property name="line.separator" value="&#10;"/>
    <property name="java.specification.name" value="Java Platform API Specification"/>
    <property name="java.vm.specification.vendor" value="Oracle Corporation"/>
    <property name="java.awt.graphicsenv" value="sun.awt.Win32GraphicsEnvironment"/>
    <property name="surefire.real.class.path" value="C:\Users\uziel\AppData\Local\Temp\surefire9324165406184984520\surefirebooter6269897973142660324.jar"/>
    <property name="user.script" value=""/>
    <property name="sun.management.compiler" value="HotSpot 64-Bit Tiered Compilers"/>
    <property name="java.runtime.version" value="11.0.12+8-LTS-237"/>
    <property name="user.name" value="uziel"/>
    <property name="path.separator" value=";"/>
    <property name="os.version" value="10.0"/>
    <property name="java.runtime.name" value="Java(TM) SE Runtime Environment"/>
    <property name="file.encoding" value="Cp1252"/>
    <property name="java.vm.name" value="Java HotSpot(TM) 64-Bit Server VM"/>
    <property name="java.vendor.version" value="18.9"/>
    <property name="localRepository" value="C:\Users\uziel\.m2\repository"/>
    <property name="java.vendor.url.bug" value="https://bugreport.java.com/bugreport/"/>
    <property name="java.io.tmpdir" value="C:\Users\uziel\AppData\Local\Temp\"/>
    <property name="idea.version" value="2021.3.1"/>
    <property name="java.version" value="11.0.12"/>
    <property name="user.dir" value="C:\Users\uziel\Documents\java\demo"/>
    <property name="os.arch" value="amd64"/>
    <property name="java.vm.specification.name" value="Java Virtual Machine Specification"/>
    <property name="java.awt.printerjob" value="sun.awt.windows.WPrinterJob"/>
    <property name="sun.os.patch.level" value=""/>
    <property name="java.library.path" value="C:\Program Files\Java\jdk-11.0.12\bin;C:\Windows\Sun\Java\bin;C:\Windows\system32;C:\Windows;C:\Program Files\Common Files\Oracle\Java\javapath;C:\Program Files (x86)\Common Files\Oracle\Java\javapath;C:\Windows\system32;C:\Windows;C:\Windows\System32\Wbem;C:\Windows\System32\WindowsPowerShell\v1.0\;C:\Windows\System32\OpenSSH\;C:\Program Files\nodejs\;C:\Program Files\Git\cmd;C:\Program Files\Go\bin;C:\Users\uziel\go\bin;;C:\Program Files\erl-24.1.4\bin;C:\Program Files (x86)\Elixir\bin;C:\Users\uziel\.mix\escripts;C:\Users\uziel\.cargo\bin;C:\Users\uziel\AppData\Local\Microsoft\WindowsApps;C:\Users\uziel\AppData\Local\Programs\Microsoft VS Code\bin;C:\Users\uziel\AppData\Roaming\npm;C:\Users\uziel\AppData\Local\Programs\oh-my-posh\bin;C:\Users\uziel\AppData\Local\Programs\oh-my-posh\themes;C:\Users\uziel\go\bin;C:\Exercism;C:\flutter\bin;C:\Program Files\MongoDB\Server\5.0\bin;C:\Program Files (x86)\GitHub CLI\;C:\Users\uziel\Documents\applications;C:\maven\bin;C:\Program Files\Java\jdk-11.0.12\bin;;."/>
    <property name="java.vendor" value="Oracle Corporation"/>
    <property name="java.vm.info" value="mixed mode"/>
    <property name="java.vm.version" value="11.0.12+8-LTS-237"/>
    <property name="sun.io.unicode.encoding" value="UnicodeLittle"/>
    <property name="java.class.version" value="55.0"/>
  </properties>
  <testcase name="shouldAnswerWithTrue" classname="com.examplewatson.ushieru.AppTest" time="0.003"/>
</testsuite>ite>